textviewermodule/build/intermediates/manifest_merge_blame_file/debug/processDebugManifest/manifest-merger-blame-debug-report.txt
1<?xml version="1.0" encoding="utf-8"?>
2<!--
3 Copyright 2023-2026 Bharath Vishal G.
4
5 Licensed under the Apache License, Version 2.0 (the "License");
6 you may not use this file except in compliance with the License.
7 You may obtain a copy of the License at
8
9 http://www.apache.org/licenses/LICENSE-2.0
10
11 Unless required by applicable law or agreed to in writing, software
12 distributed under the License is distributed on an "AS IS" BASIS,
13 WITHOUT WARRANTIES OR CONDITIONS OF ANY KIND, either express or implied.
14 See the License for the specific language governing permissions and
15 limitations under the License.
16-->
17<manifest xmlns:android="http://schemas.android.com/apk/res/android"
18    package="com.bharathvishal.textfileviewer" >
19
20    <uses-sdk android:minSdkVersion="23" />
20-->INJECTED
20-->INJECTED
21
22    <application>
22-->src/main/AndroidManifest.xml:18:5-57:19
23        <activity
23-->src/main/AndroidManifest.xml:19:9-23:62
24            android:name="com.bharathvishal.textfileviewer.Activities.ExampleActivityJava"
24-->src/main/AndroidManifest.xml:20:13-59
25            android:exported="true"
25-->src/main/AndroidManifest.xml:21:13-36
26            android:label="@string/app_name"
26-->src/main/AndroidManifest.xml:22:13-45
27            android:theme="@style/Theme.TextViewerAndroid" />
27-->src/main/AndroidManifest.xml:23:13-59
28        <activity
28-->src/main/AndroidManifest.xml:25:9-34:20
29            android:name="com.bharathvishal.textfileviewer.Activities.ExampleActivityKotlinCompose"
29-->src/main/AndroidManifest.xml:26:13-68
30            android:exported="true"
30-->src/main/AndroidManifest.xml:27:13-36
31            android:label="@string/app_name"
31-->src/main/AndroidManifest.xml:28:13-45
32            android:theme="@style/Theme.TextViewerAndroid" >
32-->src/main/AndroidManifest.xml:29:13-59
33            <intent-filter>
33-->src/main/AndroidManifest.xml:30:13-33:29
34                <action android:name="android.intent.action.MAIN" />
34-->src/main/AndroidManifest.xml:31:17-69
34-->src/main/AndroidManifest.xml:31:25-66
35
36                <category android:name="android.intent.category.LAUNCHER" />
36-->src/main/AndroidManifest.xml:32:17-77
36-->src/main/AndroidManifest.xml:32:27-74
37            </intent-filter>
38        </activity>
39        <activity
39-->src/main/AndroidManifest.xml:36:9-40:62
40            android:name="com.bharathvishal.textfileviewer.Activities.TextViewMainActivity"
40-->src/main/AndroidManifest.xml:37:13-60
41            android:exported="true"
41-->src/main/AndroidManifest.xml:38:13-36
42            android:label="@string/app_name"
42-->src/main/AndroidManifest.xml:39:13-45
43            android:theme="@style/Theme.TextViewerAndroid" />
43-->src/main/AndroidManifest.xml:40:13-59
44        <activity
44-->src/main/AndroidManifest.xml:42:9-46:62
45            android:name="com.bharathvishal.textfileviewer.Activities.TextViewMainActivityWearable"
45-->src/main/AndroidManifest.xml:43:13-68
46            android:exported="true"
46-->src/main/AndroidManifest.xml:44:13-36
47            android:label="@string/app_name"
47-->src/main/AndroidManifest.xml:45:13-45
48            android:theme="@style/Theme.TextViewerAndroid" />
48-->src/main/AndroidManifest.xml:46:13-59
49
50        <provider
50-->src/main/AndroidManifest.xml:48:9-56:20
51            android:name="androidx.core.content.FileProvider"
51-->src/main/AndroidManifest.xml:49:13-62
52            android:authorities="${applicationId}.provider"
52-->src/main/AndroidManifest.xml:50:13-60
53            android:exported="false"
53-->src/main/AndroidManifest.xml:51:13-37
54            android:grantUriPermissions="true" >
54-->src/main/AndroidManifest.xml:52:13-47
55            <meta-data
55-->src/main/AndroidManifest.xml:53:13-55:57
56                android:name="android.support.FILE_PROVIDER_PATHS"
56-->src/main/AndroidManifest.xml:54:17-67
57                android:resource="@xml/providerpaths" />
57-->src/main/AndroidManifest.xml:55:17-54
58        </provider>
59    </application>
60
61</manifest>